Dynamic processors logs:

"processors-registry" took 3482 ms. to process
"ts.compiler" took 33338 ms. to process
"ts.compiler" took 21828 ms. to process
"ts.compiler" took 20709 ms. to process
"ts.compiler" took 19685 ms. to process
"ts.compiler" took 19336 ms. to process
[31mDynamic processor "[1mbundler.bundle.packager.code.js[22m: application//1908493165//home//widget//web//esm//." is taking more than expected.[39m
[1m	Waiting for:[22m
		* bundler.dependencies.code: not processed

[31mDynamic processor "[1mbundler.dependencies.code[22m: application//1908493165//home//widget//web//esm//." is taking more than expected.[39m
[1m	Waiting for:[22m
		* dependencies.external: not processed

[31mDynamic processor "[1mbundler.bundle.packager.code.js[22m: application//1908493165//home//widget//node//cjs//." is taking more than expected.[39m
[1m	Waiting for:[22m
		* bundler.dependencies.code: not processed

[31mDynamic processor "[1mbundler.dependencies.code[22m: application//1908493165//home//widget//node//cjs//." is taking more than expected.[39m
[1m	Waiting for:[22m
		* dependencies.external: not processed

[31mDynamic processor "[1mbundler.bundle.packager.code.js[22m: application//1908493165//home//widget//node//esm//." is taking more than expected.[39m
[1m	Waiting for:[22m
		* bundler.dependencies.code: not processed

[31mDynamic processor "[1mbundler.dependencies.code[22m: application//1908493165//home//widget//node//esm//." is taking more than expected.[39m
[1m	Waiting for:[22m
		* dependencies.external: not processed

[31mDynamic processor "[1mbundler.bundle.packager.code.js[22m: application//1908493165//home//widget//web//amd//." is taking more than expected.[39m
[1m	Waiting for:[22m
		* bundler.dependencies.code: not processed

[31mDynamic processor "[1mbundler.dependencies.code[22m: application//1908493165//home//widget//web//amd//." is taking more than expected.[39m
[1m	Waiting for:[22m
		* dependencies.external: not processed

"ts.compiler" took 20258 ms. to process
