Dynamic processors logs:

"processors-registry" took 2154 ms. to process
"ts.compiler" took 17098 ms. to process
"ts.compiler" took 10391 ms. to process
"ts.compiler" took 7510 ms. to process
"ts.compiler" took 6671 ms. to process
"ts.compiler" took 6530 ms. to process
"ts.compiler" took 7463 ms. to process
"ts.compiler" took 6917 ms. to process
"ts.compiler" took 6550 ms. to process
"ts.compiler" took 6608 ms. to process
[31mDynamic processor "[1mbundler.bundle.packager.code.js[22m: application//1908493165//body/header//code//node//cjs//." is taking more than expected.[39m
[1m	Waiting for:[22m
		* sass.code.js: not processed
		* ts.code.js: not processed

[31mDynamic processor "[1msass.code.js[22m: application//1908493165//body/header//code//sass//node//cjs//.///node//cjs" is taking more than expected.[39m
[1m	Waiting for:[22m
		* sass.compiler: not initialised

[31mDynamic processor "[1mts.code.js[22m: application//1908493165//body/header//code//ts//node//cjs//.///node//cjs" is taking more than expected.[39m
[1m	Waiting for:[22m
		* ts.compiler: not initialised

[31mDynamic processor "[1mbundler.bundle.packager.code.js[22m: application//1908493165//body/header//code//node//esm//." is taking more than expected.[39m
[1m	Waiting for:[22m
		* sass.code.js: not processed
		* ts.code.js: not processed

[31mDynamic processor "[1msass.code.js[22m: application//1908493165//body/header//code//sass//node//esm//.///node//esm" is taking more than expected.[39m
[1m	Waiting for:[22m
		* sass.compiler: not initialised

[31mDynamic processor "[1mts.code.js[22m: application//1908493165//body/header//code//ts//node//esm//.///node//esm" is taking more than expected.[39m
[1m	Waiting for:[22m
		* ts.compiler: not initialised

"ts.compiler" took 6752 ms. to process
"ts.compiler" took 7464 ms. to process
"ts.compiler" took 6428 ms. to process
"ts.compiler" took 6308 ms. to process
"ts.compiler" took 6563 ms. to process
"ts.compiler" took 6511 ms. to process
"ts.compiler" took 7054 ms. to process
"ts.compiler" took 8875 ms. to process
"ts.compiler" took 8329 ms. to process
"ts.compiler" took 8069 ms. to process
"ts.compiler" took 7016 ms. to process
[31mDynamic processor "[1mbundler.bundle.packager.code.js[22m: application//1908493165//body/nav//code//web//esm//." is taking more than expected.[39m
[1m	Waiting for:[22m
		* bundler.bundle.packager.hash: not processed

[31mDynamic processor "[1mbundler.bundle.packager.hash[22m" is taking more than expected.[39m
[1m	Waiting for:[22m
		* bundler.processors.hashes.inputs: not processed

[31mDynamic processor "[1mts.dependencies.declarations.hash[22m" is taking more than expected.[39m
[1m	Waiting for:[22m
		* ts.dependencies.declarations: not processed

[31mDynamic processor "[1mbundler.bundle.packager.code.js[22m: application//1908493165//body/nav//code//node//cjs//." is taking more than expected.[39m
[1m	Waiting for:[22m
		* bundler.bundle.packager.hash: not processed

[31mDynamic processor "[1mbundler.bundle.packager.hash[22m" is taking more than expected.[39m
[1m	Waiting for:[22m
		* bundler.processors.hashes.inputs: not processed

[31mDynamic processor "[1mts.dependencies.declarations.hash[22m" is taking more than expected.[39m
[1m	Waiting for:[22m
		* ts.dependencies.declarations: not processed

[31mDynamic processor "[1mbundler.bundle.packager.code.js[22m: application//1908493165//body/nav//code//node//esm//." is taking more than expected.[39m
[1m	Waiting for:[22m
		* bundler.bundle.packager.hash: not processed

[31mDynamic processor "[1mbundler.bundle.packager.hash[22m" is taking more than expected.[39m
[1m	Waiting for:[22m
		* bundler.processors.hashes.inputs: not processed

[31mDynamic processor "[1mts.dependencies.declarations.hash[22m" is taking more than expected.[39m
[1m	Waiting for:[22m
		* ts.dependencies.declarations: not processed

[31mDynamic processor "[1mbundler.processors.hashes.inputs[22m" is taking more than expected.[39m
[1m	Waiting for:[22m
		* ts.processor.hashes: not processed

[31mDynamic processor "[1mbundler.processors.hashes.inputs[22m" is taking more than expected.[39m
[1m	Waiting for:[22m
		* ts.processor.hashes: not processed

[31mDynamic processor "[1mbundler.processors.hashes.inputs[22m" is taking more than expected.[39m
[1m	Waiting for:[22m
		* ts.processor.hashes: not processed

[31mDynamic processor "[1mts.processor.hashes[22m" is taking more than expected.[39m
[1m	Waiting for:[22m
		* ts.dependencies.declarations.hash: not processed

[31mDynamic processor "[1mts.processor.hashes[22m" is taking more than expected.[39m
[1m	Waiting for:[22m
		* ts.dependencies.declarations.hash: not processed

[31mDynamic processor "[1mts.processor.hashes[22m" is taking more than expected.[39m
[1m	Waiting for:[22m
		* ts.dependencies.declarations.hash: not processed

[31mDynamic processor "[1mts.dependencies.declarations[22m" is taking more than expected.[39m
[1m	Waiting for:[22m
		* bundler.bundle.declaration: not processed

[31mDynamic processor "[1mbundler.bundle.declaration[22m: application//1908493165//components/menu//code" is taking more than expected.[39m
[1m	Waiting for:[22m
		* ts.declaration: not processed

[31mDynamic processor "[1mts.declaration[22m: application//1908493165//components/menu//code//ts//web//esm//." is taking more than expected.[39m
[1m	Waiting for:[22m
		* ts.code.js: not processed

[31mDynamic processor "[1mts.code.js[22m: application//1908493165//components/menu//code//ts//web//esm//.///web//esm" is taking more than expected.[39m
[1m	Waiting for:[22m
		* ts.compiler: not initialised

[31mDynamic processor "[1mts.dependencies.declarations[22m" is taking more than expected.[39m
[1m	Waiting for:[22m
		* bundler.bundle.declaration: not processed

[31mDynamic processor "[1mbundler.bundle.declaration[22m: application//1908493165//components/menu//code" is taking more than expected.[39m
[1m	Waiting for:[22m
		* ts.declaration: not processed

[31mDynamic processor "[1mts.declaration[22m: application//1908493165//components/menu//code//ts//node//esm//." is taking more than expected.[39m
[1m	Waiting for:[22m
		* ts.code.js: not processed

[31mDynamic processor "[1mts.code.js[22m: application//1908493165//components/menu//code//ts//node//esm//.///node//esm" is taking more than expected.[39m
[1m	Waiting for:[22m
		* ts.compiler: not initialised

[31mDynamic processor "[1mts.dependencies.declarations[22m" is taking more than expected.[39m
[1m	Waiting for:[22m
		* bundler.bundle.declaration: not processed

[31mDynamic processor "[1mbundler.bundle.declaration[22m: application//1908493165//components/menu//code" is taking more than expected.[39m
[1m	Waiting for:[22m
		* ts.declaration: not processed

[31mDynamic processor "[1mts.declaration[22m: application//1908493165//components/menu//code//ts//node//cjs//." is taking more than expected.[39m
[1m	Waiting for:[22m
		* ts.code.js: not processed

[31mDynamic processor "[1mts.code.js[22m: application//1908493165//components/menu//code//ts//node//cjs//.///node//cjs" is taking more than expected.[39m
[1m	Waiting for:[22m
		* ts.compiler: not initialised

[31mDynamic processor "[1mbundler.bundle.packager.code.js[22m: application//1908493165//body/nav//code//web//sjs//." is taking more than expected.[39m
[1m	Waiting for:[22m
		* sass.code.js: not processed
		* ts.code.js: not processed

[31mDynamic processor "[1msass.code.js[22m: application//1908493165//body/nav//code//sass//web//sjs//.///web//sjs" is taking more than expected.[39m
[1m	Waiting for:[22m
		* sass.compiler: not initialised

[31mDynamic processor "[1mts.code.js[22m: application//1908493165//body/nav//code//ts//web//sjs//.///web//sjs" is taking more than expected.[39m
[1m	Waiting for:[22m
		* ts.compiler: not initialised

"ts.compiler" took 6617 ms. to process
"ts.compiler" took 6640 ms. to process
[31mDynamic processor "[1mbundler.bundle.packager.code.js[22m: application//1908493165//body/nav//code//web//amd//." is taking more than expected.[39m
[1m	Waiting for:[22m
		* sass.code.js: not processed
		* ts.code.js: not processed

[31mDynamic processor "[1msass.code.js[22m: application//1908493165//body/nav//code//sass//web//amd//.///web//amd" is taking more than expected.[39m
[1m	Waiting for:[22m
		* sass.compiler: not initialised

[31mDynamic processor "[1mts.code.js[22m: application//1908493165//body/nav//code//ts//web//amd//.///web//amd" is taking more than expected.[39m
[1m	Waiting for:[22m
		* ts.compiler: not initialised

[31mDynamic processor "[1mbundler.bundle.packager.code.js[22m: application//1908493165//body/nav//code//web//esm//." is taking more than expected.[39m
[1m	Waiting for:[22m
		* sass.code.js: not processed
		* ts.code.js: not processed

[31mDynamic processor "[1msass.code.js[22m: application//1908493165//body/nav//code//sass//web//esm//.///web//esm" is taking more than expected.[39m
[1m	Waiting for:[22m
		* sass.compiler: not initialised

[31mDynamic processor "[1mts.code.js[22m: application//1908493165//body/nav//code//ts//web//esm//.///web//esm" is taking more than expected.[39m
[1m	Waiting for:[22m
		* ts.compiler: not initialised

"ts.compiler" took 10170 ms. to process
[31mDynamic processor "[1mbundler.bundle.packager.code.js[22m: application//1908493165//body/nav//code//node//esm//." is taking more than expected.[39m
[1m	Waiting for:[22m
		* sass.code.js: not processed
		* ts.code.js: not processed

[31mDynamic processor "[1msass.code.js[22m: application//1908493165//body/nav//code//sass//node//esm//.///node//esm" is taking more than expected.[39m
[1m	Waiting for:[22m
		* sass.compiler: not initialised

[31mDynamic processor "[1mts.code.js[22m: application//1908493165//body/nav//code//ts//node//esm//.///node//esm" is taking more than expected.[39m
[1m	Waiting for:[22m
		* ts.compiler: not initialised

"ts.compiler" took 9816 ms. to process
"ts.compiler" took 7105 ms. to process
[31mDynamic processor "[1mbundler.bundle.packager.code.js[22m: application//1908493165//body/nav//code//node//cjs//." is taking more than expected.[39m
[1m	Waiting for:[22m
		* sass.code.js: not processed
		* ts.code.js: not processed

[31mDynamic processor "[1msass.code.js[22m: application//1908493165//body/nav//code//sass//node//cjs//.///node//cjs" is taking more than expected.[39m
[1m	Waiting for:[22m
		* sass.compiler: not initialised

[31mDynamic processor "[1mts.code.js[22m: application//1908493165//body/nav//code//ts//node//cjs//.///node//cjs" is taking more than expected.[39m
[1m	Waiting for:[22m
		* ts.compiler: not initialised

"ts.compiler" took 6403 ms. to process
"ts.compiler" took 6913 ms. to process
"ts.compiler" took 7227 ms. to process
"ts.compiler" took 7453 ms. to process
"ts.compiler" took 10287 ms. to process
"ts.compiler" took 6386 ms. to process
"ts.compiler" took 8309 ms. to process
[31mDynamic processor "[1mbundler.bundle.packager.code.js[22m: application//1908493165//home//widget//web//amd//." is taking more than expected.[39m
[1m	Waiting for:[22m
		* sass.code.js: not processed
		* ts.code.js: not processed

[31mDynamic processor "[1msass.code.js[22m: application//1908493165//home//widget//sass//web//amd//.///web//amd" is taking more than expected.[39m
[1m	Waiting for:[22m
		* sass.compiler: not initialised

[31mDynamic processor "[1mts.code.js[22m: application//1908493165//home//widget//ts//web//amd//.///web//amd" is taking more than expected.[39m
[1m	Waiting for:[22m
		* ts.compiler: not initialised

[31mDynamic processor "[1mbundler.bundle.packager.code.js[22m: application//1908493165//home//widget//web//esm//." is taking more than expected.[39m
[1m	Waiting for:[22m
		* sass.code.js: not processed
		* ts.code.js: not processed

[31mDynamic processor "[1msass.code.js[22m: application//1908493165//home//widget//sass//web//esm//.///web//esm" is taking more than expected.[39m
[1m	Waiting for:[22m
		* sass.compiler: not initialised

[31mDynamic processor "[1mts.code.js[22m: application//1908493165//home//widget//ts//web//esm//.///web//esm" is taking more than expected.[39m
[1m	Waiting for:[22m
		* ts.compiler: not initialised

[31mDynamic processor "[1mbundler.bundle.packager.code.js[22m: application//1908493165//home//widget//node//cjs//." is taking more than expected.[39m
[1m	Waiting for:[22m
		* sass.code.js: not processed
		* ts.code.js: not processed

[31mDynamic processor "[1msass.code.js[22m: application//1908493165//home//widget//sass//node//cjs//.///node//cjs" is taking more than expected.[39m
[1m	Waiting for:[22m
		* sass.compiler: not initialised

[31mDynamic processor "[1mts.code.js[22m: application//1908493165//home//widget//ts//node//cjs//.///node//cjs" is taking more than expected.[39m
[1m	Waiting for:[22m
		* ts.compiler: not initialised

[31mDynamic processor "[1mbundler.bundle.packager.code.js[22m: application//1908493165//home//widget//node//esm//." is taking more than expected.[39m
[1m	Waiting for:[22m
		* bundler.dependencies.code: not processed

[31mDynamic processor "[1mbundler.dependencies.code[22m: application//1908493165//home//widget//node//esm//." is taking more than expected.[39m
[1m	Waiting for:[22m
		* dependencies.external: not processed

"ts.compiler" took 6288 ms. to process
"ts.compiler" took 7478 ms. to process
"ts.compiler" took 8949 ms. to process
[31mDynamic processor "[1mbundler.bundle.packager.code.js[22m: application//1908493165//home//widget//web//sjs//." is taking more than expected.[39m
[1m	Waiting for:[22m
		* bundler.dependencies.code: not processed

[31mDynamic processor "[1mbundler.dependencies.code[22m: application//1908493165//home//widget//web//sjs//." is taking more than expected.[39m
[1m	Waiting for:[22m
		* dependencies.external: not processed

[31mDynamic processor "[1mbundler.bundle.packager.code.js[22m: application//1908493165//home//widget//web//amd//." is taking more than expected.[39m
[1m	Waiting for:[22m
		* bundler.dependencies.code: not processed

[31mDynamic processor "[1mbundler.dependencies.code[22m: application//1908493165//home//widget//web//amd//." is taking more than expected.[39m
[1m	Waiting for:[22m
		* dependencies.external: not processed

[31mDynamic processor "[1mbundler.bundle.packager.code.js[22m: application//1908493165//home//widget//web//esm//." is taking more than expected.[39m
[1m	Waiting for:[22m
		* bundler.dependencies.code: not processed

[31mDynamic processor "[1mbundler.dependencies.code[22m: application//1908493165//home//widget//web//esm//." is taking more than expected.[39m
[1m	Waiting for:[22m
		* dependencies.external: not processed

"ts.compiler" took 6742 ms. to process
"ts.compiler" took 6140 ms. to process
[31mDynamic processor "[1mts.code.js[22m: application//1908493165//layouts/main//widget//ts//web//amd//.///web//amd" is taking more than expected.[39m
[1m	Waiting for:[22m
		* ts.compiler: not initialised

[31mDynamic processor "[1mbundler.bundle.packager.code.js[22m: application//1908493165//layouts/main//widget//node//esm//." is taking more than expected.[39m
[1m	Waiting for:[22m
		* sass.code.js: not processed
		* ts.code.js: not processed

[31mDynamic processor "[1msass.code.js[22m: application//1908493165//layouts/main//widget//sass//node//esm//.///node//esm" is taking more than expected.[39m
[1m	Waiting for:[22m
		* sass.compiler: not initialised

[31mDynamic processor "[1mts.code.js[22m: application//1908493165//layouts/main//widget//ts//node//esm//.///node//esm" is taking more than expected.[39m
[1m	Waiting for:[22m
		* ts.compiler: not initialised

[31mDynamic processor "[1mbundler.bundle.packager.code.js[22m: application//1908493165//layouts/main//widget//web//sjs//." is taking more than expected.[39m
[1m	Waiting for:[22m
		* sass.code.js: not processed
		* ts.code.js: not processed

[31mDynamic processor "[1msass.code.js[22m: application//1908493165//layouts/main//widget//sass//web//sjs//.///web//sjs" is taking more than expected.[39m
[1m	Waiting for:[22m
		* sass.compiler: not initialised

[31mDynamic processor "[1mts.code.js[22m: application//1908493165//layouts/main//widget//ts//web//sjs//.///web//sjs" is taking more than expected.[39m
[1m	Waiting for:[22m
		* ts.compiler: not initialised

[31mDynamic processor "[1mbundler.bundle.packager.code.js[22m: application//1908493165//layouts/main//widget//web//esm//." is taking more than expected.[39m
[1m	Waiting for:[22m
		* sass.code.js: not processed
		* ts.code.js: not processed

[31mDynamic processor "[1msass.code.js[22m: application//1908493165//layouts/main//widget//sass//web//esm//.///web//esm" is taking more than expected.[39m
[1m	Waiting for:[22m
		* sass.compiler: not initialised

[31mDynamic processor "[1mts.code.js[22m: application//1908493165//layouts/main//widget//ts//web//esm//.///web//esm" is taking more than expected.[39m
[1m	Waiting for:[22m
		* ts.compiler: not initialised

[31mDynamic processor "[1mbundler.bundle.packager.code.js[22m: application//1908493165//layouts/main//widget//web//amd//." is taking more than expected.[39m
[1m	Waiting for:[22m
		* ts.code.js: not processed

"ts.compiler" took 6550 ms. to process
"ts.compiler" took 6961 ms. to process
"ts.compiler" took 7668 ms. to process
"ts.compiler" took 6213 ms. to process
"ts.compiler" took 8405 ms. to process
